build/app/intermediates/manifest_merge_blame_file/release/manifest-merger-blame-release-report.txt
1<?xml version="1.0" encoding="utf-8"?>
2<manifest xmlns:android="http://schemas.android.com/apk/res/android"
3    package="com.example.book_geeks"
4    android:versionCode="1"
5    android:versionName="1" >
6
7    <uses-sdk
8        android:minSdkVersion="21"
8-->src\main\AndroidManifest.xml
9        android:targetSdkVersion="30" />
9-->src\main\AndroidManifest.xml
10
11    <uses-permission android:name="android.permission.INTERNET" />
11-->src\main\AndroidManifest.xml:41:3-64
11-->src\main\AndroidManifest.xml:41:20-62
12    <uses-permission android:name="android.permission.ACCESS_NETWORK_STATE" />
12-->[com.google.firebase:firebase-auth:21.0.1] AndroidManifest.xml:24:5-79
12-->[com.google.firebase:firebase-auth:21.0.1] AndroidManifest.xml:24:22-76
13    <uses-permission android:name="android.permission.WAKE_LOCK" />
13-->[com.google.android.gms:play-services-measurement-api:19.0.1] AndroidManifest.xml:24:5-68
13-->[com.google.android.gms:play-services-measurement-api:19.0.1] AndroidManifest.xml:24:22-65
14    <uses-permission android:name="com.google.android.finsky.permission.BIND_GET_INSTALL_REFERRER_SERVICE" />
14-->[com.google.android.gms:play-services-measurement:19.0.1] AndroidManifest.xml:26:5-110
14-->[com.google.android.gms:play-services-measurement:19.0.1] AndroidManifest.xml:26:22-107
15
16    <application
16-->src\main\AndroidManifest.xml:3:4-40:19
17        android:appComponentFactory="androidx.core.app.CoreComponentFactory"
17-->[androidx.core:core:1.1.0] AndroidManifest.xml:24:18-86
18        android:icon="@mipmap/ic_launcher"
18-->src\main\AndroidManifest.xml:5:9-43
19        android:label="book_geeks" >
19-->src\main\AndroidManifest.xml:4:9-35
20        <activity
20-->src\main\AndroidManifest.xml:6:9-34:20
21            android:name="com.example.book_geeks.MainActivity"
21-->src\main\AndroidManifest.xml:7:13-41
22            android:configChanges="orientation|keyboardHidden|keyboard|screenSize|smallestScreenSize|locale|layoutDirection|fontScale|screenLayout|density|uiMode"
22-->src\main\AndroidManifest.xml:10:13-163
23            android:hardwareAccelerated="true"
23-->src\main\AndroidManifest.xml:11:13-47
24            android:launchMode="singleTop"
24-->src\main\AndroidManifest.xml:8:13-43
25            android:theme="@style/LaunchTheme"
25-->src\main\AndroidManifest.xml:9:13-47
26            android:windowSoftInputMode="adjustResize" >
26-->src\main\AndroidManifest.xml:12:13-55
27
28            <!--
29                 Specifies an Android theme to apply to this Activity as soon as
30                 the Android process has started. This theme is visible to the user
31                 while the Flutter UI initializes. After that, this theme continues
32                 to determine the Window background behind the Flutter UI.
33            -->
34            <meta-data
34-->src\main\AndroidManifest.xml:17:13-20:17
35                android:name="io.flutter.embedding.android.NormalTheme"
35-->src\main\AndroidManifest.xml:18:15-70
36                android:resource="@style/NormalTheme" />
36-->src\main\AndroidManifest.xml:19:15-52
37            <!--
38                 Displays an Android View that continues showing the launch screen
39                 Drawable until Flutter paints its first frame, then this splash
40                 screen fades out. A splash screen is useful to avoid any visual
41                 gap between the end of Android's launch screen and the painting of
42                 Flutter's first frame.
43            -->
44            <meta-data
44-->src\main\AndroidManifest.xml:26:13-29:17
45                android:name="io.flutter.embedding.android.SplashScreenDrawable"
45-->src\main\AndroidManifest.xml:27:15-79
46                android:resource="@drawable/launch_background" />
46-->src\main\AndroidManifest.xml:28:15-61
47
48            <intent-filter>
48-->src\main\AndroidManifest.xml:30:13-33:29
49                <action android:name="android.intent.action.MAIN" />
49-->src\main\AndroidManifest.xml:31:17-68
49-->src\main\AndroidManifest.xml:31:25-66
50
51                <category android:name="android.intent.category.LAUNCHER" />
51-->src\main\AndroidManifest.xml:32:17-76
51-->src\main\AndroidManifest.xml:32:27-74
52            </intent-filter>
53        </activity>
54        <!--
55             Don't delete the meta-data below.
56             This is used by the Flutter tool to generate GeneratedPluginRegistrant.java
57        -->
58        <meta-data
58-->src\main\AndroidManifest.xml:37:9-39:33
59            android:name="flutterEmbedding"
59-->src\main\AndroidManifest.xml:38:13-44
60            android:value="2" />
60-->src\main\AndroidManifest.xml:39:13-30
61
62        <service
62-->[:firebase_auth] AndroidManifest.xml:8:9-12:19
63            android:name="com.google.firebase.components.ComponentDiscoveryService"
63-->[:firebase_auth] AndroidManifest.xml:8:18-89
64            android:directBootAware="true"
64-->[com.google.firebase:firebase-common:20.0.0] AndroidManifest.xml:35:13-43
65            android:exported="false" >
65-->[com.google.firebase:firebase-auth:21.0.1] AndroidManifest.xml:76:13-37
66            <meta-data
66-->[:firebase_auth] AndroidManifest.xml:9:13-11:85
67                android:name="com.google.firebase.components:io.flutter.plugins.firebase.auth.FlutterFirebaseAuthRegistrar"
67-->[:firebase_auth] AndroidManifest.xml:10:17-124
68                android:value="com.google.firebase.components.ComponentRegistrar" />
68-->[:firebase_auth] AndroidManifest.xml:11:17-82
69            <meta-data
69-->[:cloud_firestore] AndroidManifest.xml:9:13-11:85
70                android:name="com.google.firebase.components:io.flutter.plugins.firebase.firestore.FlutterFirebaseFirestoreRegistrar"
70-->[:cloud_firestore] AndroidManifest.xml:10:17-134
71                android:value="com.google.firebase.components.ComponentRegistrar" />
71-->[:cloud_firestore] AndroidManifest.xml:11:17-82
72            <meta-data
72-->[:firebase_core] AndroidManifest.xml:9:13-11:85
73                android:name="com.google.firebase.components:io.flutter.plugins.firebase.core.FlutterFirebaseCoreRegistrar"
73-->[:firebase_core] AndroidManifest.xml:10:17-124
74                android:value="com.google.firebase.components.ComponentRegistrar" />
74-->[:firebase_core] AndroidManifest.xml:11:17-82
75            <meta-data
75-->[com.google.firebase:firebase-auth:21.0.1] AndroidManifest.xml:77:13-79:85
76                android:name="com.google.firebase.components:com.google.firebase.auth.FirebaseAuthRegistrar"
76-->[com.google.firebase:firebase-auth:21.0.1] AndroidManifest.xml:78:17-109
77                android:value="com.google.firebase.components.ComponentRegistrar" />
77-->[com.google.firebase:firebase-auth:21.0.1] AndroidManifest.xml:79:17-82
78            <meta-data
78-->[com.google.firebase:firebase-firestore:23.0.3] AndroidManifest.xml:20:13-22:85
79                android:name="com.google.firebase.components:com.google.firebase.firestore.FirestoreRegistrar"
79-->[com.google.firebase:firebase-firestore:23.0.3] AndroidManifest.xml:21:17-111
80                android:value="com.google.firebase.components.ComponentRegistrar" />
80-->[com.google.firebase:firebase-firestore:23.0.3] AndroidManifest.xml:22:17-82
81            <meta-data
81-->[com.google.android.gms:play-services-measurement-api:19.0.1] AndroidManifest.xml:30:13-32:85
82                android:name="com.google.firebase.components:com.google.firebase.analytics.connector.internal.AnalyticsConnectorRegistrar"
82-->[com.google.android.gms:play-services-measurement-api:19.0.1] AndroidManifest.xml:31:17-139
83                android:value="com.google.firebase.components.ComponentRegistrar" />
83-->[com.google.android.gms:play-services-measurement-api:19.0.1] AndroidManifest.xml:32:17-82
84            <meta-data
84-->[com.google.firebase:firebase-installations:17.0.0] AndroidManifest.xml:18:13-20:85
85                android:name="com.google.firebase.components:com.google.firebase.installations.FirebaseInstallationsRegistrar"
85-->[com.google.firebase:firebase-installations:17.0.0] AndroidManifest.xml:19:17-127
86                android:value="com.google.firebase.components.ComponentRegistrar" />
86-->[com.google.firebase:firebase-installations:17.0.0] AndroidManifest.xml:20:17-82
87        </service>
88
89        <activity
89-->[:url_launcher] AndroidManifest.xml:8:9-11:74
90            android:name="io.flutter.plugins.urllauncher.WebViewActivity"
90-->[:url_launcher] AndroidManifest.xml:9:13-74
91            android:exported="false"
91-->[:url_launcher] AndroidManifest.xml:10:13-37
92            android:theme="@android:style/Theme.NoTitleBar.Fullscreen" />
92-->[:url_launcher] AndroidManifest.xml:11:13-71
93        <activity
93-->[com.google.firebase:firebase-auth:21.0.1] AndroidManifest.xml:27:9-44:20
94            android:name="com.google.firebase.auth.internal.GenericIdpActivity"
94-->[com.google.firebase:firebase-auth:21.0.1] AndroidManifest.xml:28:13-80
95            android:excludeFromRecents="true"
95-->[com.google.firebase:firebase-auth:21.0.1] AndroidManifest.xml:29:13-46
96            android:exported="true"
96-->[com.google.firebase:firebase-auth:21.0.1] AndroidManifest.xml:30:13-36
97            android:launchMode="singleTask"
97-->[com.google.firebase:firebase-auth:21.0.1] AndroidManifest.xml:31:13-44
98            android:theme="@android:style/Theme.Translucent.NoTitleBar" >
98-->[com.google.firebase:firebase-auth:21.0.1] AndroidManifest.xml:32:13-72
99            <intent-filter>
99-->[com.google.firebase:firebase-auth:21.0.1] AndroidManifest.xml:33:13-43:29
100                <action android:name="android.intent.action.VIEW" />
100-->[com.google.firebase:firebase-auth:21.0.1] AndroidManifest.xml:34:17-69
100-->[com.google.firebase:firebase-auth:21.0.1] AndroidManifest.xml:34:25-66
101
102                <category android:name="android.intent.category.DEFAULT" />
102-->[com.google.firebase:firebase-auth:21.0.1] AndroidManifest.xml:36:17-76
102-->[com.google.firebase:firebase-auth:21.0.1] AndroidManifest.xml:36:27-73
103                <category android:name="android.intent.category.BROWSABLE" />
103-->[com.google.firebase:firebase-auth:21.0.1] AndroidManifest.xml:37:17-78
103-->[com.google.firebase:firebase-auth:21.0.1] AndroidManifest.xml:37:27-75
104
105                <data
105-->[com.google.firebase:firebase-auth:21.0.1] AndroidManifest.xml:39:17-42:51
106                    android:host="firebase.auth"
106-->[com.google.firebase:firebase-auth:21.0.1] AndroidManifest.xml:40:21-49
107                    android:path="/"
107-->[com.google.firebase:firebase-auth:21.0.1] AndroidManifest.xml:41:21-37
108                    android:scheme="genericidp" />
108-->[com.google.firebase:firebase-auth:21.0.1] AndroidManifest.xml:42:21-48
109            </intent-filter>
110        </activity>
111        <activity
111-->[com.google.firebase:firebase-auth:21.0.1] AndroidManifest.xml:45:9-62:20
112            android:name="com.google.firebase.auth.internal.RecaptchaActivity"
112-->[com.google.firebase:firebase-auth:21.0.1] AndroidManifest.xml:46:13-79
113            android:excludeFromRecents="true"
113-->[com.google.firebase:firebase-auth:21.0.1] AndroidManifest.xml:47:13-46
114            android:exported="true"
114-->[com.google.firebase:firebase-auth:21.0.1] AndroidManifest.xml:48:13-36
115            android:launchMode="singleTask"
115-->[com.google.firebase:firebase-auth:21.0.1] AndroidManifest.xml:49:13-44
116            android:theme="@android:style/Theme.Translucent.NoTitleBar" >
116-->[com.google.firebase:firebase-auth:21.0.1] AndroidManifest.xml:50:13-72
117            <intent-filter>
117-->[com.google.firebase:firebase-auth:21.0.1] AndroidManifest.xml:51:13-61:29
118                <action android:name="android.intent.action.VIEW" />
118-->[com.google.firebase:firebase-auth:21.0.1] AndroidManifest.xml:34:17-69
118-->[com.google.firebase:firebase-auth:21.0.1] AndroidManifest.xml:34:25-66
119
120                <category android:name="android.intent.category.DEFAULT" />
120-->[com.google.firebase:firebase-auth:21.0.1] AndroidManifest.xml:36:17-76
120-->[com.google.firebase:firebase-auth:21.0.1] AndroidManifest.xml:36:27-73
121                <category android:name="android.intent.category.BROWSABLE" />
121-->[com.google.firebase:firebase-auth:21.0.1] AndroidManifest.xml:37:17-78
121-->[com.google.firebase:firebase-auth:21.0.1] AndroidManifest.xml:37:27-75
122
123                <data
123-->[com.google.firebase:firebase-auth:21.0.1] AndroidManifest.xml:39:17-42:51
124                    android:host="firebase.auth"
124-->[com.google.firebase:firebase-auth:21.0.1] AndroidManifest.xml:40:21-49
125                    android:path="/"
125-->[com.google.firebase:firebase-auth:21.0.1] AndroidManifest.xml:41:21-37
126                    android:scheme="recaptcha" />
126-->[com.google.firebase:firebase-auth:21.0.1] AndroidManifest.xml:42:21-48
127            </intent-filter>
128        </activity>
129
130        <service
130-->[com.google.firebase:firebase-auth:21.0.1] AndroidManifest.xml:64:9-73:19
131            android:name="com.google.firebase.auth.api.fallback.service.FirebaseAuthFallbackService"
131-->[com.google.firebase:firebase-auth:21.0.1] AndroidManifest.xml:65:13-101
132            android:enabled="true"
132-->[com.google.firebase:firebase-auth:21.0.1] AndroidManifest.xml:66:13-35
133            android:exported="false" >
133-->[com.google.firebase:firebase-auth:21.0.1] AndroidManifest.xml:67:13-37
134            <intent-filter>
134-->[com.google.firebase:firebase-auth:21.0.1] AndroidManifest.xml:68:13-72:29
135                <action android:name="com.google.firebase.auth.api.gms.service.START" />
135-->[com.google.firebase:firebase-auth:21.0.1] AndroidManifest.xml:69:17-89
135-->[com.google.firebase:firebase-auth:21.0.1] AndroidManifest.xml:69:25-86
136
137                <category android:name="android.intent.category.DEFAULT" />
137-->[com.google.firebase:firebase-auth:21.0.1] AndroidManifest.xml:36:17-76
137-->[com.google.firebase:firebase-auth:21.0.1] AndroidManifest.xml:36:27-73
138            </intent-filter>
139        </service>
140
141        <provider
141-->[com.google.firebase:firebase-common:20.0.0] AndroidManifest.xml:26:9-31:39
142            android:name="com.google.firebase.provider.FirebaseInitProvider"
142-->[com.google.firebase:firebase-common:20.0.0] AndroidManifest.xml:27:13-77
143            android:authorities="com.example.book_geeks.firebaseinitprovider"
143-->[com.google.firebase:firebase-common:20.0.0] AndroidManifest.xml:28:13-72
144            android:directBootAware="true"
144-->[com.google.firebase:firebase-common:20.0.0] AndroidManifest.xml:29:13-43
145            android:exported="false"
145-->[com.google.firebase:firebase-common:20.0.0] AndroidManifest.xml:30:13-37
146            android:initOrder="100" />
146-->[com.google.firebase:firebase-common:20.0.0] AndroidManifest.xml:31:13-36
147
148        <activity
148-->[com.google.android.gms:play-services-base:17.1.0] AndroidManifest.xml:23:9-26:75
149            android:name="com.google.android.gms.common.api.GoogleApiActivity"
149-->[com.google.android.gms:play-services-base:17.1.0] AndroidManifest.xml:24:13-79
150            android:exported="false"
150-->[com.google.android.gms:play-services-base:17.1.0] AndroidManifest.xml:25:13-37
151            android:theme="@android:style/Theme.Translucent.NoTitleBar" />
151-->[com.google.android.gms:play-services-base:17.1.0] AndroidManifest.xml:26:13-72
152
153        <receiver
153-->[com.google.android.gms:play-services-measurement:19.0.1] AndroidManifest.xml:29:9-33:20
154            android:name="com.google.android.gms.measurement.AppMeasurementReceiver"
154-->[com.google.android.gms:play-services-measurement:19.0.1] AndroidManifest.xml:30:13-85
155            android:enabled="true"
155-->[com.google.android.gms:play-services-measurement:19.0.1] AndroidManifest.xml:31:13-35
156            android:exported="false" >
156-->[com.google.android.gms:play-services-measurement:19.0.1] AndroidManifest.xml:32:13-37
157        </receiver>
158
159        <service
159-->[com.google.android.gms:play-services-measurement:19.0.1] AndroidManifest.xml:35:9-38:40
160            android:name="com.google.android.gms.measurement.AppMeasurementService"
160-->[com.google.android.gms:play-services-measurement:19.0.1] AndroidManifest.xml:36:13-84
161            android:enabled="true"
161-->[com.google.android.gms:play-services-measurement:19.0.1] AndroidManifest.xml:37:13-35
162            android:exported="false" />
162-->[com.google.android.gms:play-services-measurement:19.0.1] AndroidManifest.xml:38:13-37
163        <service
163-->[com.google.android.gms:play-services-measurement:19.0.1] AndroidManifest.xml:39:9-43:72
164            android:name="com.google.android.gms.measurement.AppMeasurementJobService"
164-->[com.google.android.gms:play-services-measurement:19.0.1] AndroidManifest.xml:40:13-87
165            android:enabled="true"
165-->[com.google.android.gms:play-services-measurement:19.0.1] AndroidManifest.xml:41:13-35
166            android:exported="false"
166-->[com.google.android.gms:play-services-measurement:19.0.1] AndroidManifest.xml:42:13-37
167            android:permission="android.permission.BIND_JOB_SERVICE" />
167-->[com.google.android.gms:play-services-measurement:19.0.1] AndroidManifest.xml:43:13-69
168
169        <meta-data
169-->[com.google.android.gms:play-services-basement:17.1.0] AndroidManifest.xml:23:9-25:69
170            android:name="com.google.android.gms.version"
170-->[com.google.android.gms:play-services-basement:17.1.0] AndroidManifest.xml:24:13-58
171            android:value="@integer/google_play_services_version" />
171-->[com.google.android.gms:play-services-basement:17.1.0] AndroidManifest.xml:25:13-66
172    </application>
173
174</manifest>